<?xml version="1.0" encoding="UTF-8"?>
<!-- Generated by org.testng.reporters.JUnitReportReporter -->
<testsuite skipped="0" hostname="IBM138-PC0GHYB6" name="com.crm.qa.testcases.DealsPageTest" tests="1" failures="0" timestamp="20 Sep 2018 08:19:56 GMT" time="24.827" errors="0">
  <testcase name="validateCreateNewDeal" time="24.827" classname="com.crm.qa.testcases.DealsPageTest"/>
</testsuite> <!-- com.crm.qa.testcases.DealsPageTest -->
