<?xml version="1.0" encoding="UTF-8"?>
<!-- Generated by org.testng.reporters.JUnitReportReporter -->
<testsuite skipped="0" hostname="IBM138-PC0GHYB6" name="com.crm.qa.testcases.TasksPageTest" tests="1" failures="0" timestamp="06 Sep 2018 14:08:46 GMT" time="22.623" errors="0">
  <testcase name="selecttasksByTasksNumber" time="22.623" classname="com.crm.qa.testcases.TasksPageTest"/>
</testsuite> <!-- com.crm.qa.testcases.TasksPageTest -->
